{"C:/Users/Owner/Desktop/code/javascript-typescript/undecorated-di/src/autowire.ts": {"path":"C:/Users/Owner/Desktop/code/javascript-typescript/undecorated-di/src/autowire.ts","statementMap":{"0":{"start":{"line":42,"column":2},"end":{"line":47,"column":null}}},"fnMap":{"0":{"name":"autowire","decl":{"start":{"line":33,"column":16},"end":{"line":33,"column":null}},"loc":{"start":{"line":41,"column":2},"end":{"line":48,"column":null}}}},"branchMap":{},"s":{"0":15},"f":{"0":15},"b":{}}
,"C:/Users/Owner/Desktop/code/javascript-typescript/undecorated-di/src/circular-dependency-error.ts": {"path":"C:/Users/Owner/Desktop/code/javascript-typescript/undecorated-di/src/circular-dependency-error.ts","statementMap":{"0":{"start":{"line":5,"column":4},"end":{"line":5,"column":null}},"1":{"start":{"line":2,"column":2},"end":{"line":2,"column":null}}},"fnMap":{"0":{"name":"(anonymous_0)","decl":{"start":{"line":4,"column":2},"end":{"line":4,"column":14}},"loc":{"start":{"line":4,"column":32},"end":{"line":6,"column":null}}}},"branchMap":{},"s":{"0":4,"1":4},"f":{"0":4},"b":{}}
,"C:/Users/Owner/Desktop/code/javascript-typescript/undecorated-di/src/container-builder.ts": {"path":"C:/Users/Owner/Desktop/code/javascript-typescript/undecorated-di/src/container-builder.ts","statementMap":{"0":{"start":{"line":18,"column":4},"end":{"line":18,"column":null}},"1":{"start":{"line":28,"column":4},"end":{"line":28,"column":null}},"2":{"start":{"line":29,"column":4},"end":{"line":29,"column":null}},"3":{"start":{"line":40,"column":39},"end":{"line":43,"column":null}},"4":{"start":{"line":44,"column":4},"end":{"line":47,"column":null}},"5":{"start":{"line":58,"column":39},"end":{"line":61,"column":null}},"6":{"start":{"line":63,"column":6},"end":{"line":63,"column":null}},"7":{"start":{"line":64,"column":49},"end":{"line":67,"column":null}},"8":{"start":{"line":68,"column":4},"end":{"line":71,"column":null}},"9":{"start":{"line":79,"column":4},"end":{"line":82,"column":null}},"10":{"start":{"line":92,"column":45},"end":{"line":92,"column":null}},"11":{"start":{"line":93,"column":4},"end":{"line":95,"column":null}},"12":{"start":{"line":94,"column":6},"end":{"line":94,"column":null}},"13":{"start":{"line":96,"column":4},"end":{"line":96,"column":null}}},"fnMap":{"0":{"name":"(anonymous_0)","decl":{"start":{"line":17,"column":2},"end":{"line":17,"column":9}},"loc":{"start":{"line":17,"column":34},"end":{"line":19,"column":null}}},"1":{"name":"(anonymous_1)","decl":{"start":{"line":24,"column":10},"end":{"line":24,"column":null}},"loc":{"start":{"line":27,"column":4},"end":{"line":30,"column":null}}},"2":{"name":"(anonymous_2)","decl":{"start":{"line":37,"column":2},"end":{"line":37,"column":null}},"loc":{"start":{"line":39,"column":4},"end":{"line":48,"column":null}}},"3":{"name":"(anonymous_3)","decl":{"start":{"line":55,"column":2},"end":{"line":55,"column":null}},"loc":{"start":{"line":57,"column":4},"end":{"line":72,"column":null}}},"4":{"name":"(anonymous_4)","decl":{"start":{"line":78,"column":2},"end":{"line":78,"column":10}},"loc":{"start":{"line":78,"column":10},"end":{"line":83,"column":null}}},"5":{"name":"(anonymous_5)","decl":{"start":{"line":85,"column":10},"end":{"line":85,"column":null}},"loc":{"start":{"line":91,"column":4},"end":{"line":101,"column":null}}}},"branchMap":{},"s":{"0":5,"1":10,"2":10,"3":3,"4":3,"5":2,"6":2,"7":2,"8":2,"9":1,"10":2,"11":2,"12":2,"13":2},"f":{"0":5,"1":10,"2":3,"3":2,"4":1,"5":2},"b":{}}
,"C:/Users/Owner/Desktop/code/javascript-typescript/undecorated-di/src/container.ts": {"path":"C:/Users/Owner/Desktop/code/javascript-typescript/undecorated-di/src/container.ts","statementMap":{"0":{"start":{"line":18,"column":4},"end":{"line":18,"column":null}},"1":{"start":{"line":19,"column":4},"end":{"line":19,"column":null}},"2":{"start":{"line":20,"column":17},"end":{"line":20,"column":null}},"3":{"start":{"line":21,"column":4},"end":{"line":32,"column":null}},"4":{"start":{"line":29,"column":10},"end":{"line":29,"column":null}},"5":{"start":{"line":40,"column":4},"end":{"line":40,"column":null}},"6":{"start":{"line":52,"column":6},"end":{"line":54,"column":null}},"7":{"start":{"line":55,"column":4},"end":{"line":56,"column":null}},"8":{"start":{"line":56,"column":6},"end":{"line":56,"column":null}},"9":{"start":{"line":60,"column":4},"end":{"line":63,"column":null}},"10":{"start":{"line":61,"column":6},"end":{"line":63,"column":null}},"11":{"start":{"line":65,"column":20},"end":{"line":65,"column":null}},"12":{"start":{"line":66,"column":4},"end":{"line":69,"column":null}},"13":{"start":{"line":67,"column":6},"end":{"line":69,"column":null}},"14":{"start":{"line":71,"column":4},"end":{"line":71,"column":null}},"15":{"start":{"line":72,"column":34},"end":{"line":79,"column":null}},"16":{"start":{"line":74,"column":8},"end":{"line":77,"column":null}},"17":{"start":{"line":81,"column":6},"end":{"line":84,"column":null}},"18":{"start":{"line":86,"column":4},"end":{"line":90,"column":null}},"19":{"start":{"line":87,"column":6},"end":{"line":89,"column":null}},"20":{"start":{"line":92,"column":4},"end":{"line":92,"column":null}}},"fnMap":{"0":{"name":"(anonymous_0)","decl":{"start":{"line":14,"column":2},"end":{"line":14,"column":null}},"loc":{"start":{"line":17,"column":4},"end":{"line":33,"column":null}}},"1":{"name":"(anonymous_1)","decl":{"start":{"line":28,"column":8},"end":{"line":28,"column":12}},"loc":{"start":{"line":28,"column":26},"end":{"line":30,"column":null}}},"2":{"name":"(anonymous_2)","decl":{"start":{"line":35,"column":10},"end":{"line":35,"column":null}},"loc":{"start":{"line":39,"column":12},"end":{"line":41,"column":null}}},"3":{"name":"(anonymous_3)","decl":{"start":{"line":43,"column":10},"end":{"line":43,"column":null}},"loc":{"start":{"line":50,"column":12},"end":{"line":93,"column":null}}},"4":{"name":"(anonymous_4)","decl":{"start":{"line":73,"column":6},"end":{"line":73,"column":7}},"loc":{"start":{"line":73,"column":22},"end":{"line":78,"column":null}}}},"branchMap":{"0":{"loc":{"start":{"line":55,"column":4},"end":{"line":56,"column":null}},"type":"if","locations":[{"start":{"line":55,"column":4},"end":{"line":56,"column":null}},{"start":{"line":55,"column":4},"end":{"line":56,"column":null}}]},"1":{"loc":{"start":{"line":60,"column":4},"end":{"line":63,"column":null}},"type":"if","locations":[{"start":{"line":60,"column":4},"end":{"line":63,"column":null}},{"start":{"line":60,"column":4},"end":{"line":63,"column":null}}]},"2":{"loc":{"start":{"line":66,"column":4},"end":{"line":69,"column":null}},"type":"if","locations":[{"start":{"line":66,"column":4},"end":{"line":69,"column":null}},{"start":{"line":66,"column":4},"end":{"line":69,"column":null}}]},"3":{"loc":{"start":{"line":86,"column":4},"end":{"line":90,"column":null}},"type":"if","locations":[{"start":{"line":86,"column":4},"end":{"line":90,"column":null}},{"start":{"line":86,"column":4},"end":{"line":90,"column":null}}]}},"s":{"0":8,"1":8,"2":8,"3":8,"4":12,"5":12,"6":19,"7":19,"8":3,"9":16,"10":1,"11":15,"12":15,"13":1,"14":14,"15":14,"16":7,"17":10,"18":10,"19":2,"20":10},"f":{"0":8,"1":12,"2":12,"3":19,"4":7},"b":{"0":[3,16],"1":[1,15],"2":[1,14],"3":[2,8]}}
,"C:/Users/Owner/Desktop/code/javascript-typescript/undecorated-di/src/merge-dictionaries.ts": {"path":"C:/Users/Owner/Desktop/code/javascript-typescript/undecorated-di/src/merge-dictionaries.ts","statementMap":{"0":{"start":{"line":5,"column":2},"end":{"line":11,"column":null}},"1":{"start":{"line":6,"column":4},"end":{"line":11,"column":null}},"2":{"start":{"line":12,"column":2},"end":{"line":12,"column":null}}},"fnMap":{"0":{"name":"mergeDictionaries","decl":{"start":{"line":1,"column":16},"end":{"line":1,"column":null}},"loc":{"start":{"line":4,"column":2},"end":{"line":13,"column":null}}}},"branchMap":{"0":{"loc":{"start":{"line":5,"column":2},"end":{"line":11,"column":null}},"type":"if","locations":[{"start":{"line":5,"column":2},"end":{"line":11,"column":null}},{"start":{"line":5,"column":2},"end":{"line":11,"column":null}}]},"1":{"loc":{"start":{"line":5,"column":6},"end":{"line":5,"column":null}},"type":"binary-expr","locations":[{"start":{"line":5,"column":6},"end":{"line":5,"column":40}},{"start":{"line":5,"column":40},"end":{"line":5,"column":null}}]}},"s":{"0":14,"1":1,"2":13},"f":{"0":14},"b":{"0":[1,13],"1":[14,13]}}
,"C:/Users/Owner/Desktop/code/javascript-typescript/undecorated-di/src/missing-dependency-error.ts": {"path":"C:/Users/Owner/Desktop/code/javascript-typescript/undecorated-di/src/missing-dependency-error.ts","statementMap":{"0":{"start":{"line":5,"column":4},"end":{"line":5,"column":null}},"1":{"start":{"line":2,"column":2},"end":{"line":2,"column":null}}},"fnMap":{"0":{"name":"(anonymous_0)","decl":{"start":{"line":4,"column":2},"end":{"line":4,"column":14}},"loc":{"start":{"line":4,"column":32},"end":{"line":6,"column":null}}}},"branchMap":{},"s":{"0":4,"1":4},"f":{"0":4},"b":{}}
,"C:/Users/Owner/Desktop/code/javascript-typescript/undecorated-di/src/service.ts": {"path":"C:/Users/Owner/Desktop/code/javascript-typescript/undecorated-di/src/service.ts","statementMap":{"0":{"start":{"line":11,"column":4},"end":{"line":11,"column":null}},"1":{"start":{"line":12,"column":4},"end":{"line":12,"column":null}},"2":{"start":{"line":16,"column":4},"end":{"line":16,"column":null}}},"fnMap":{"0":{"name":"(anonymous_0)","decl":{"start":{"line":7,"column":2},"end":{"line":7,"column":null}},"loc":{"start":{"line":10,"column":4},"end":{"line":13,"column":null}}},"1":{"name":"(anonymous_1)","decl":{"start":{"line":15,"column":2},"end":{"line":15,"column":14}},"loc":{"start":{"line":15,"column":62},"end":{"line":17,"column":null}}}},"branchMap":{"0":{"loc":{"start":{"line":9,"column":4},"end":{"line":9,"column":null}},"type":"default-arg","locations":[{"start":{"line":9,"column":34},"end":{"line":9,"column":null}}]}},"s":{"0":20,"1":20,"2":12},"f":{"0":20,"1":12},"b":{"0":[12]}}
}
